<?xml version="1.0" encoding="UTF-8"?>
<testng-results ignored="0" total="1" passed="1" failed="0" skipped="0">
  <reporter-output>
  </reporter-output>
  <suite started-at="2021-03-27T12:32:15 IST" name="Default suite" finished-at="2021-03-27T12:32:36 IST" duration-ms="21347">
    <groups>
    </groups>
    <test started-at="2021-03-27T12:32:15 IST" name="Default test" finished-at="2021-03-27T12:32:36 IST" duration-ms="21347">
      <class name="rahulshettyacademy.ExtentReportDemo">
        <test-method is-config="true" signature="config()[pri:0, instance:rahulshettyacademy.ExtentReportDemo@157853da]" started-at="2021-03-27T12:32:15 IST" name="config" finished-at="2021-03-27T12:32:16 IST" duration-ms="683" status="PASS">
          <reporter-output>
          </reporter-output>
        </test-method> <!-- config -->
        <test-method signature="intitialDemo()[pri:0, instance:rahulshettyacademy.ExtentReportDemo@157853da]" started-at="2021-03-27T12:32:16 IST" name="intitialDemo" finished-at="2021-03-27T12:32:36 IST" duration-ms="20539" status="PASS">
          <reporter-output>
          </reporter-output>
        </test-method> <!-- intitialDemo -->
      </class> <!-- rahulshettyacademy.ExtentReportDemo -->
    </test> <!-- Default test -->
  </suite> <!-- Default suite -->
</testng-results>
